\BOOKMARK [1][-]{section.1}{\376\377\000W\000s\000t\001\031\000p}{}% 1
\BOOKMARK [2][-]{subsection.1.1}{\376\377\000S\000f\000o\000r\000m\000u\001\102\000o\000w\000a\000n\000i\000e\000\040\000p\000r\000o\000b\000l\000e\000m\000u}{section.1}% 2
\BOOKMARK [2][-]{subsection.1.2}{\376\377\000C\000e\000l\000\040\000p\000r\000a\000c\000y\000\040\000i\000\040\000z\000a\000k\000r\000e\000s\000\040\000p\000r\000a\000c\000y}{section.1}% 3
\BOOKMARK [2][-]{subsection.1.3}{\376\377\000U\000k\001\102\000a\000d\000\040\000p\000r\000a\000c\000y}{section.1}% 4
\BOOKMARK [1][-]{section.2}{\376\377\000P\000r\000z\000e\000g\000l\001\005\000d\000\040\000l\000i\000t\000e\000r\000a\000t\000u\000r\000y\000\040\000,\000\040\000r\000o\000z\000w\000i\001\005\000z\000a\001\104\000\040\000o\000r\000a\000z\000\040\000d\000o\000s\000t\001\031\000p\000n\000y\000c\000h\000\040\000b\000a\000z\000\040\000d\000a\000n\000y\000c\000h}{}% 5
\BOOKMARK [2][-]{subsection.2.1}{\376\377\000P\000r\000z\000e\000g\000l\001\005\000d\000\040\000l\000i\000t\000e\000r\000a\000t\000u\000r\000y}{section.2}% 6
\BOOKMARK [2][-]{subsection.2.2}{\376\377\000A\000p\000l\000i\000k\000a\000c\000j\000e}{section.2}% 7
\BOOKMARK [3][-]{subsubsection.2.2.1}{\376\377\000P\000l\000a\000n\000t\000a\000:\000\040\000P\000l\000a\000n\000t\000\040\000\046\000\040\000G\000a\000r\000d\000e\000n\000\040\000C\000a\000r\000e}{subsection.2.2}% 8
\BOOKMARK [3][-]{subsubsection.2.2.2}{\376\377\000A\000g\000r\000i\000o\000\040\000-\000\040\000P\000l\000a\000n\000t\000\040\000d\000i\000a\000g\000n\000o\000s\000i\000s\000\040\000a\000p\000p}{subsection.2.2}% 9
\BOOKMARK [3][-]{subsubsection.2.2.3}{\376\377\000P\000l\000a\000n\000t\000N\000e\000t\000\040\000P\000l\000a\000n\000t\000\040\000I\000d\000e\000n\000t\000i\000f\000i\000c\000a\000t\000i\000o\000n}{subsection.2.2}% 10
\BOOKMARK [2][-]{subsection.2.3}{\376\377\000B\000a\000z\000y\000\040\000d\000a\000n\000y\000c\000h}{section.2}% 11
\BOOKMARK [3][-]{subsubsection.2.3.1}{\376\377\000P\000l\000a\000n\000t\000D\000o\000c\000:\000\040\000A\000\040\000D\000a\000t\000a\000s\000e\000t\000\040\000f\000o\000r\000\040\000V\000i\000s\000u\000a\000l\000\040\000P\000l\000a\000n\000t\000\040\000D\000i\000s\000e\000a\000s\000e\000\040\000D\000e\000t\000e\000c\000t\000i\000o\000n}{subsection.2.3}% 12
\BOOKMARK [3][-]{subsubsection.2.3.2}{\376\377\000P\000l\000a\000n\000t\000V\000i\000l\000l\000a\000g\000e\000\040\000D\000a\000t\000a\000s\000e\000t}{subsection.2.3}% 13
\BOOKMARK [3][-]{subsubsection.2.3.3}{\376\377\000N\000e\000w\000\040\000P\000l\000a\000n\000t\000\040\000D\000i\000s\000e\000a\000s\000e\000s\000\040\000D\000a\000t\000a\000s\000e\000t}{subsection.2.3}% 14
\BOOKMARK [1][-]{section.3}{\376\377\000P\000o\000d\000s\000t\000a\000w\000o\000w\000e\000\040\000p\000o\000j\001\031\000c\000i\000a}{}% 15
\BOOKMARK [2][-]{subsection.3.1}{\376\377\000N\000a\000u\000c\000z\000a\000n\000i\000e\000\040\000m\000a\000s\000z\000y\000n\000o\000w\000e}{section.3}% 16
\BOOKMARK [2][-]{subsection.3.2}{\376\377\000D\000e\000e\000p\000\040\000l\000e\000a\000r\000n\000i\000n\000g}{section.3}% 17
\BOOKMARK [2][-]{subsection.3.3}{\376\377\000N\000a\000u\000c\000z\000a\000n\000i\000e\000\040\000n\000a\000d\000z\000o\000r\000o\000w\000a\000n\000e}{section.3}% 18
\BOOKMARK [2][-]{subsection.3.4}{\376\377\000K\000l\000a\000s\000y\000f\000i\000k\000a\000c\000j\000a}{section.3}% 19
\BOOKMARK [2][-]{subsection.3.5}{\376\377\000B\000a\000l\000a\000n\000s\000\040\000k\000l\000a\000s}{section.3}% 20
\BOOKMARK [2][-]{subsection.3.6}{\376\377\000R\000o\000d\000z\000a\000j\000e\000\040\000z\000b\000i\000o\000r\000\363\000w}{section.3}% 21
\BOOKMARK [2][-]{subsection.3.7}{\376\377\000G\000e\000n\000e\000r\000a\000l\000i\000z\000a\000c\000j\000a}{section.3}% 22
\BOOKMARK [2][-]{subsection.3.8}{\376\377\000P\000r\000z\000e\000u\000c\000z\000e\000n\000i\000e}{section.3}% 23
\BOOKMARK [1][-]{section.4}{\376\377\000A\000r\000c\000h\000i\000t\000e\000k\000t\000u\000r\000y\000\040\000m\000o\000d\000e\000l\000i}{}% 24
\BOOKMARK [2][-]{subsection.4.1}{\376\377\000T\000r\000a\000n\000s\000f\000o\000r\000m\000e\000r\000\040\000w\000i\000z\000y\000j\000n\000y\000\040\000-\000\040\000V\000i\000T}{section.4}% 25
\BOOKMARK [2][-]{subsection.4.2}{\376\377\000K\000o\000n\000w\000o\000l\000u\000c\000y\000j\000n\000e\000\040\000s\000i\000e\000c\000i\000\040\000n\000e\000u\000r\000o\000n\000o\000w\000e\000\040\000-\000\040\000C\000N\000N}{section.4}% 26
\BOOKMARK [1][-]{section.5}{\376\377\000M\000o\000d\000e\000l\000e}{}% 27
\BOOKMARK [2][-]{subsection.5.1}{\376\377\000M\000o\000b\000i\000l\000e\000N\000e\000t}{section.5}% 28
\BOOKMARK [2][-]{subsection.5.2}{\376\377\000V\000i\000T}{section.5}% 29
\BOOKMARK [2][-]{subsection.5.3}{\376\377\000R\000e\000s\000N\000e\000t}{section.5}% 30
\BOOKMARK [2][-]{subsection.5.4}{\376\377\000E\000f\000f\000i\000c\000e\000n\000t\000N\000e\000t}{section.5}% 31
\BOOKMARK [1][-]{section.6}{\376\377\000Z\000b\000i\000\363\000r\000\040\000d\000a\000n\000y\000c\000h}{}% 32
\BOOKMARK [2][-]{subsection.6.1}{\376\377\000C\000h\000a\000r\000a\000k\000t\000e\000r\000y\000s\000t\000y\000k\000a\000\040\000z\000b\000i\000o\000r\000u\000\040\000d\000a\000n\000y\000c\000h}{section.6}% 33
\BOOKMARK [2][-]{subsection.6.2}{\376\377\000S\000t\000r\000u\000k\000t\000u\000r\000a\000\040\000z\000b\000i\000o\000r\000u\000\040\000d\000a\000n\000y\000c\000h}{section.6}% 34
\BOOKMARK [2][-]{subsection.6.3}{\376\377\000A\000n\000a\000l\000i\000z\000a\000\040\000z\000e\000s\000t\000a\000w\000u}{section.6}% 35
\BOOKMARK [2][-]{subsection.6.4}{\376\377\000P\000o\000d\000z\000i\000a\001\102\000\040\000n\000a\000\040\000z\000b\000i\000o\000r\000y\000\040\000t\000r\000e\000n\000i\000n\000g\000o\000w\000e\000\040\000i\000\040\000t\000e\000s\000t\000o\000w\000e}{section.6}% 36
\BOOKMARK [1][-]{section.7}{\376\377\000M\000e\000t\000o\000d\000y\000k\000a\000\040\000b\000a\000d\000a\001\104}{}% 37
\BOOKMARK [2][-]{subsection.7.1}{\376\377\000S\000p\000e\000c\000y\000f\000i\000k\000a\000c\000j\000a\000\040\000s\000p\000r\000z\001\031\000t\000o\000w\000a\000\040\000i\000\040\001\133\000r\000o\000d\000o\000w\000i\000s\000k\000a\000\040\000p\000r\000o\000g\000r\000a\000m\000i\000s\000t\000y\000c\000z\000n\000e\000g\000o}{section.7}% 38
\BOOKMARK [2][-]{subsection.7.2}{\376\377\000L\000i\000s\000t\000a\000\040\000m\000o\000d\000e\000l\000i\000\040\000w\000y\000k\000o\000r\000z\000y\000s\000t\000a\000n\000a\000\040\000w\000\040\000b\000a\000d\000a\000n\000i\000u}{section.7}% 39
\BOOKMARK [2][-]{subsection.7.3}{\376\377\000S\000t\000r\000a\000t\000e\000g\000i\000a\000\040\000t\000r\000e\000n\000i\000n\000g\000u}{section.7}% 40
\BOOKMARK [2][-]{subsection.7.4}{\376\377\000K\000o\000n\000f\000i\000g\000u\000r\000a\000c\000j\000a\000\040\000m\000o\000d\000e\000l\000i}{section.7}% 41
\BOOKMARK [3][-]{subsubsection.7.4.1}{\376\377\000A\000u\000g\000m\000e\000n\000t\000a\000c\000j\000a\000\040\000d\000a\000n\000y\000c\000h}{subsection.7.4}% 42
\BOOKMARK [3][-]{subsubsection.7.4.2}{\376\377\000P\000a\000r\000a\000m\000e\000t\000r\000y}{subsection.7.4}% 43
\BOOKMARK [3][-]{subsubsection.7.4.3}{\376\377\000E\000a\000r\000l\000y\000\040\000S\000t\000o\000p\000p\000i\000n\000g}{subsection.7.4}% 44
\BOOKMARK [2][-]{subsection.7.5}{\376\377\000M\000e\000t\000r\000y\000k\000i\000\040\000e\000w\000a\000l\000u\000a\000c\000j\000i\000\040\000w\000y\000n\000i\000k\000\363\000w}{section.7}% 45
\BOOKMARK [3][-]{subsubsection.7.5.1}{\376\377\000M\000a\000c\000i\000e\000r\000z\000\040\000p\000o\000m\000y\001\102\000e\000k}{subsection.7.5}% 46
\BOOKMARK [3][-]{subsubsection.7.5.2}{\376\377\000D\000o\000k\001\102\000a\000d\000n\000o\001\133\001\007}{subsection.7.5}% 47
\BOOKMARK [3][-]{subsubsection.7.5.3}{\376\377\000P\000r\000e\000c\000y\000z\000j\000a}{subsection.7.5}% 48
\BOOKMARK [3][-]{subsubsection.7.5.4}{\376\377\000C\000z\000u\001\102\000o\001\133\001\007}{subsection.7.5}% 49
\BOOKMARK [3][-]{subsubsection.7.5.5}{\376\377\000M\000i\000a\000r\000a\000\040\000F\0001}{subsection.7.5}% 50
\BOOKMARK [1][-]{section.8}{\376\377\000W\000y\000n\000i\000k\000i}{}% 51
\BOOKMARK [2][-]{subsection.8.1}{\376\377\000J\000a\000k\000o\001\133\001\007\000\040\000k\000l\000a\000s\000y\000f\000i\000k\000a\000c\000j\000i\000\040\000m\000o\000d\000e\000l\000i}{section.8}% 52
\BOOKMARK [2][-]{subsection.8.2}{\376\377\000E\000f\000e\000k\000t\000y\000w\000n\000o\001\133\001\007\000\040\000o\000b\000l\000i\000c\000z\000e\000n\000i\000o\000w\000a\000\040\000t\000r\000e\000n\000i\000n\000g\000u}{section.8}% 53
\BOOKMARK [2][-]{subsection.8.3}{\376\377\000W\000n\000i\000o\000s\000k\000i}{section.8}% 54
\BOOKMARK [1][-]{section*.11}{\376\377\000W\000y\000k\000a\000z\000\040\000s\000y\000m\000b\000o\000l\000i\000\040\000i\000\040\000s\000k\000r\000\363\000t\000\363\000w}{}% 55
\BOOKMARK [1][-]{section*.11}{\376\377\000S\000p\000i\000s\000\040\000r\000y\000s\000u\000n\000k\000\363\000w}{}% 56
\BOOKMARK [1][-]{section*.11}{\376\377\000S\000p\000i\000s\000\040\000t\000a\000b\000e\000l}{}% 57
\BOOKMARK [1][-]{section*.12}{\376\377\000S\000p\000i\000s\000\040\000z\000a\001\102\001\005\000c\000z\000n\000i\000k\000\363\000w}{}% 58
